<?xml version="1.0" encoding="UTF-8"?>
<testsuite name="Calculator" tests="1" skipped="0" failures="1" errors="0" timestamp="2023-09-24T05:55:59" hostname="Marcuss-MBP" time="0.948">
  <properties/>
  <testcase name="Sum two numbers" classname="Calculator" time="0.948">
    <failure message="org.junit.ComparisonFailure: expected:&lt;[three]&gt; but was:&lt;[3]&gt;" type="org.junit.ComparisonFailure">org.junit.ComparisonFailure: expected:&lt;[three]&gt; but was:&lt;[3]&gt;
	at org.junit.Assert.assertEquals(Assert.java:117)
	at org.junit.Assert.assertEquals(Assert.java:146)
	at acceptance.StepDefinitions.i_receive_as_a_result(StepDefinitions.java:33)
	at ✽.I receive three as a result(classpath:feature/calculator.feature:5)
</failure>
  </testcase>
  <system-out><![CDATA[]]></system-out>
  <system-err><![CDATA[]]></system-err>
</testsuite>
